\BOOKMARK [1][]{section.1}{\376\377\116\000\060\001\000\040\225\356\230\230\221\315\217\360}{}% 1
\BOOKMARK [2][]{subsection.1.1}{\376\377\0001\000.\0001\000\040\225\356\230\230\200\314\146\157}{section.1}% 2
\BOOKMARK [2][]{subsection.1.2}{\376\377\0001\000.\0002\000\040\225\356\230\230\143\320\121\372}{section.1}% 3
\BOOKMARK [1][]{section.2}{\376\377\116\214\060\001\000\040\152\041\127\213\120\107\213\276}{}% 4
\BOOKMARK [1][]{section.3}{\376\377\116\011\060\001\000\040\173\046\123\367\213\364\146\016}{}% 5
\BOOKMARK [1][]{section.4}{\376\377\126\333\060\001\000\040\225\356\230\230\116\000\166\204\152\041\127\213\136\372\172\313\116\016\154\102\211\343}{}% 6
\BOOKMARK [2][]{subsection.4.1}{\376\377\0004\000.\0001\000\040\225\356\230\230\116\000\166\204\143\317\217\360\116\016\122\006\147\220}{section.4}% 7
\BOOKMARK [2][]{subsection.4.2}{\376\377\0004\000.\0002\000\040\145\160\143\156\230\204\131\004\164\006}{section.4}% 8
\BOOKMARK [2][]{subsection.4.3}{\376\377\0004\000.\0003\000\040\152\041\127\213\136\372\172\313}{section.4}% 9
\BOOKMARK [3][]{subsubsection.4.3.1}{\376\377\0004\000.\0003\000.\0001\000\040\127\372\116\216\123\141\145\271\162\354\172\313\140\047\150\300\232\214\166\204\121\163\174\373\122\006\147\220\152\041\127\213}{subsection.4.3}% 10
\BOOKMARK [3][]{subsubsection.4.3.2}{\376\377\0004\000.\0003\000.\0002\000\040\127\372\116\216\000M\000a\000n\000n\000-\000W\000h\000i\000t\000n\000e\000y\150\300\232\214\166\204\176\337\213\241\211\304\137\213\122\006\147\220\152\041\127\213}{subsection.4.3}% 11
\BOOKMARK [3][]{subsubsection.4.3.3}{\376\377\0004\000.\0003\000.\0003\000\040\127\372\116\216\127\372\121\306\123\026\123\071\221\115\173\126\165\145\116\016\120\117\147\000\134\017\116\214\116\130\126\336\137\122\166\204\142\020\122\006\124\053\221\317\230\204\155\113\152\041\127\213}{subsection.4.3}% 12
\BOOKMARK [2][]{subsection.4.4}{\376\377\0004\000.\0004\000\040\152\041\127\213\154\102\211\343\116\016\176\323\147\234\122\006\147\220}{section.4}% 13
\BOOKMARK [3][]{subsubsection.4.4.1}{\376\377\0004\000.\0004\000.\0001\000\040\210\150\227\142\230\316\123\026\116\016\174\173\127\213\060\001\176\271\231\160\124\214\230\234\202\162\166\204\121\163\174\373}{subsection.4.4}% 14
\BOOKMARK [3][]{subsubsection.4.4.2}{\376\377\0004\000.\0004\000.\0002\000\040\210\150\227\142\147\011\145\340\230\316\123\026\123\026\133\146\142\020\122\006\124\053\221\317\176\337\213\241\211\304\137\213\122\006\147\220}{subsection.4.4}% 15
\BOOKMARK [3][]{subsubsection.4.4.3}{\376\377\0004\000.\0004\000.\0003\000\040\230\316\123\026\122\115\166\204\123\026\133\146\142\020\122\006\124\053\221\317\230\204\155\113}{subsection.4.4}% 16
\BOOKMARK [2][]{subsection.4.5}{\376\377\0004\000.\0005\000\040\152\041\127\213\150\300\232\214}{section.4}% 17
\BOOKMARK [1][]{section.5}{\376\377\116\224\060\001\000\040\225\356\230\230\116\214\166\204\152\041\127\213\136\372\172\313\116\016\154\102\211\343}{}% 18
\BOOKMARK [2][]{subsection.5.1}{\376\377\0005\000.\0001\000\040\225\356\230\230\116\214\166\204\143\317\217\360\116\016\122\006\147\220}{section.5}% 19
\BOOKMARK [2][]{subsection.5.2}{\376\377\0005\000.\0002\000\040\152\041\127\213\136\372\172\313}{section.5}% 20
\BOOKMARK [3][]{subsubsection.5.2.1}{\376\377\0005\000.\0002\000.\0001\000\040\127\372\116\216\000M\000-\000W\150\300\232\214\116\016\000L\000o\000g\000i\000s\000t\000i\000c\126\336\137\122\166\204\122\006\174\173\211\304\137\213\122\006\147\220\152\041\127\213}{subsection.5.2}% 21
\BOOKMARK [3][]{subsubsection.5.2.2}{\376\377\0005\000.\0002\000.\0002\000\040\127\372\116\216\161\265\120\074\154\325\116\016\000K\000-\000M\000e\000a\000n\000s\000+\000+\200\132\174\173\166\204\116\232\174\173\122\022\122\006\152\041\127\213}{subsection.5.2}% 22
\BOOKMARK [2][]{subsection.5.3}{\376\377\0005\000.\0003\000\040\152\041\127\213\154\102\211\343\116\016\176\323\147\234\122\006\147\220}{section.5}% 23
\BOOKMARK [3][]{subsubsection.5.3.1}{\376\377\0005\000.\0003\000.\0001\000\040\163\273\164\203\122\006\174\173\211\304\137\213\122\006\147\220}{subsection.5.3}% 24
\BOOKMARK [3][]{subsubsection.5.3.2}{\376\377\0005\000.\0003\000.\0002\000\040\163\273\164\203\166\204\116\232\174\173\122\022\122\006}{subsection.5.3}% 25
\BOOKMARK [2][]{subsection.5.4}{\376\377\0005\000.\0004\000\040\124\010\164\006\140\047\116\016\145\117\141\037\140\047\122\006\147\220}{section.5}% 26
\BOOKMARK [3][]{subsubsection.5.4.1}{\376\377\0005\000.\0004\000.\0001\000\040\127\372\116\216\000K\000-\000W\150\300\232\214\116\016\145\160\143\156\122\006\136\003\166\204\124\010\164\006\140\047\122\006\147\220}{subsection.5.4}% 27
\BOOKMARK [3][]{subsubsection.5.4.2}{\376\377\0005\000.\0004\000.\0002\000\040\127\372\116\216\147\103\221\315\214\003\202\202\166\204\145\117\141\037\140\047\122\006\147\220}{subsection.5.4}% 28
\BOOKMARK [1][]{section.6}{\376\377\121\155\060\001\000\040\225\356\230\230\116\011\166\204\152\041\127\213\136\372\172\313\116\016\154\102\211\343}{}% 29
\BOOKMARK [2][]{subsection.6.1}{\376\377\0006\000.\0001\000\040\225\356\230\230\116\011\166\204\143\317\217\360\116\016\122\006\147\220}{section.6}% 30
\BOOKMARK [2][]{subsection.6.2}{\376\377\0006\000.\0002\000\040\145\160\143\156\230\204\131\004\164\006}{section.6}% 31
\BOOKMARK [2][]{subsection.6.3}{\376\377\0006\000.\0003\000\040\127\372\116\216\000X\000G\000B\000o\000o\000s\000t\131\032\122\006\174\173\166\204\145\207\162\151\174\173\127\213\222\164\122\053\152\041\127\213\136\372\172\313}{section.6}% 32
\BOOKMARK [2][]{subsection.6.4}{\376\377\0006\000.\0004\000\040\152\041\127\213\154\102\211\343}{section.6}% 33
\BOOKMARK [3][]{subsubsection.6.4.1}{\376\377\0006\000.\0004\000.\0001\000\040\000K\142\230\116\244\123\311\232\214\213\301}{subsection.6.4}% 34
\BOOKMARK [3][]{subsubsection.6.4.2}{\376\377\0006\000.\0004\000.\0002\000\040\215\035\123\366\145\257\214\003\123\302}{subsection.6.4}% 35
\BOOKMARK [2][]{subsection.6.5}{\376\377\0006\000.\0005\000\040\154\102\211\343\176\323\147\234\116\016\122\006\147\220}{section.6}% 36
\BOOKMARK [2][]{subsection.6.6}{\376\377\0006\000.\0006\000\040\145\117\141\037\140\047\122\006\147\220}{section.6}% 37
\BOOKMARK [1][]{section.7}{\376\377\116\003\060\001\000\040\225\356\230\230\126\333\166\204\152\041\127\213\136\372\172\313\116\016\154\102\211\343}{}% 38
\BOOKMARK [2][]{subsection.7.1}{\376\377\0007\000.\0001\000\040\225\356\230\230\126\333\166\204\143\317\217\360\116\016\122\006\147\220}{section.7}% 39
\BOOKMARK [2][]{subsection.7.2}{\376\377\0007\000.\0002\000\040\145\160\143\156\226\306\166\204\220\011\123\326}{section.7}% 40
\BOOKMARK [2][]{subsection.7.3}{\376\377\0007\000.\0003\000\040\121\163\200\124\121\163\174\373\123\312\135\356\137\002\140\047\166\204\133\217\137\256\211\302\122\006\147\220\152\041\127\213\136\372\172\313}{section.7}% 41
\BOOKMARK [3][]{subsubsection.7.3.1}{\376\377\0007\000.\0003\000.\0001\000\040\127\372\116\216\000K\000e\000n\000d\000a\000l\000l\000'\000s\000\040\000W\150\300\232\214\116\016\221\115\133\371\000t\150\300\232\214\166\204\133\217\211\302\134\102\227\142\122\006\147\220}{subsection.7.3}% 42
\BOOKMARK [3][]{subsubsection.7.3.2}{\376\377\0007\000.\0003\000.\0002\000\040\127\372\116\216\160\160\202\162\121\163\200\124\221\317\123\026\152\041\127\213\166\204\137\256\211\302\134\102\227\142\122\006\147\220}{subsection.7.3}% 43
\BOOKMARK [2][]{subsection.7.4}{\376\377\0007\000.\0004\000\040\152\041\127\213\154\102\211\343\116\016\176\323\147\234\122\006\147\220}{section.7}% 44
\BOOKMARK [3][]{subsubsection.7.4.1}{\376\377\0007\000.\0004\000.\0001\000\040\133\217\211\302\134\102\227\142\122\006\147\220}{subsection.7.4}% 45
\BOOKMARK [3][]{subsubsection.7.4.2}{\376\377\0007\000.\0004\000.\0002\000\040\137\256\211\302\134\102\227\142\122\006\147\220}{subsection.7.4}% 46
\BOOKMARK [1][]{section.8}{\376\377\121\153\060\001\000\040\152\041\127\213\213\304\116\367}{}% 47
\BOOKMARK [2][]{subsection.8.1}{\376\377\0008\000.\0001\000\040\152\041\127\213\140\073\176\323}{section.8}% 48
\BOOKMARK [2][]{subsection.8.2}{\376\377\0008\000.\0002\000\040\152\041\127\213\117\030\177\072\160\271\122\006\147\220}{section.8}% 49
\BOOKMARK [2][]{subsection.8.3}{\376\377\0008\000.\0003\000\040\152\041\127\213\145\071\217\333\116\016\134\125\147\033}{section.8}% 50
\BOOKMARK [1][]{section*.45}{\376\377\123\302\200\003\145\207\163\056}{}% 51
\BOOKMARK [1][]{appendix.a.A}{\376\377\226\104\137\125\000\040\000A\000\040\145\057\144\221\147\120\145\231\156\005\123\125}{}% 52
\BOOKMARK [1][]{appendix.a.B}{\376\377\226\104\137\125\000\040\000B\000\040\126\376\210\150}{}% 53
\BOOKMARK [1][]{appendix.a.C}{\376\377\226\104\137\125\000\040\000C\000\040\225\356\230\230\116\000\000P\000y\000t\000h\000o\000n\156\220\172\013\136\217}{}% 54
\BOOKMARK [1][]{appendix.a.D}{\376\377\226\104\137\125\000\040\000D\000\040\225\356\230\230\116\000\000M\000a\000t\000l\000a\000b\156\220\172\013\136\217}{}% 55
\BOOKMARK [1][]{appendix.a.E}{\376\377\226\104\137\125\000\040\000E\000\040\225\356\230\230\116\214\000P\000y\000t\000h\000o\000n\156\220\172\013\136\217}{}% 56
\BOOKMARK [1][]{appendix.a.F}{\376\377\226\104\137\125\000\040\000F\000\040\225\356\230\230\116\214\000M\000a\000t\000l\000a\000b\156\220\172\013\136\217}{}% 57
\BOOKMARK [1][]{appendix.a.G}{\376\377\226\104\137\125\000\040\000G\000\040\225\356\230\230\116\011\000P\000y\000t\000h\000o\000n\156\220\172\013\136\217}{}% 58
\BOOKMARK [1][]{appendix.a.H}{\376\377\226\104\137\125\000\040\000H\000\040\225\356\230\230\126\333\000M\000a\000t\000l\000a\000b\156\220\172\013\136\217}{}% 59
